<?xml version="1.0" encoding="UTF-8"?>
<!-- Generated by org.testng.reporters.JUnitReportReporter -->
<testsuite skipped="0" hostname="Anjithas-Air.domain.name" name="runners.RunCuke" tests="2" failures="0" timestamp="2020-07-23T11:39:23 IST" time="21.898" errors="0">
  <testcase name="feature" time="8.852" classname="runners.RunCuke"/>
  <system-out/>
  <testcase name="feature" time="13.046" classname="runners.RunCuke"/>
  <system-out/>
</testsuite> <!-- runners.RunCuke -->
