<?xml version="1.0" encoding="UTF-8"?>
<!-- Generated by org.testng.reporters.JUnitReportReporter -->
<testsuite hostname="Anjithas-Air.domain.name" name="runners.RunCuke" tests="2" failures="0" timestamp="23 Jul 2020 06:08:30 GMT" time="20.271" errors="0">
  <testcase name="feature" time="12.144" classname="runners.RunCuke"/>
  <testcase name="feature" time="8.127" classname="runners.RunCuke"/>
</testsuite> <!-- runners.RunCuke -->
